2023-12-04 14:20:49,633 DEBUG    root            Loaded Command Group: ['gcloud', 'components']
2023-12-04 14:20:49,637 DEBUG    root            Loaded Command Group: ['gcloud', 'components', 'update']
2023-12-04 14:20:49,640 DEBUG    root            Running [gcloud.components.update] with arguments: [--allow-no-backup: "True", --compile-python: "True", --quiet: "True", COMPONENT-IDS:7: "['core', 'gcloud-deps', 'bq', 'gcloud', 'gcloud-crc32c', 'gsutil', 'anthoscli']"]
2023-12-04 14:20:49,641 INFO     ___FILE_ONLY___ Beginning update. This process may take several minutes.

2023-12-04 14:20:49,668 DEBUG    urllib3.connectionpool Starting new HTTPS connection (1): dl.google.com:443
2023-12-04 14:20:49,823 DEBUG    urllib3.connectionpool https://dl.google.com:443 "GET /dl/cloudsdk/channels/rapid/components-2.json HTTP/1.1" 200 209943
2023-12-04 14:20:49,844 INFO     ___FILE_ONLY___ 

2023-12-04 14:20:49,845 INFO     ___FILE_ONLY___ 
Your current Google Cloud CLI version is: 455.0.0

2023-12-04 14:20:49,845 INFO     ___FILE_ONLY___ Installing components from version: 455.0.0

2023-12-04 14:20:49,845 INFO     ___FILE_ONLY___ 

2023-12-04 14:20:49,846 DEBUG    root            Chosen display Format:table[box,title="These components will be removed."](details.display_name:label=Name:align=left,version.version_string:label=Version:align=right,data.size.size(zero="",min=1048576):label=Size:align=right)
2023-12-04 14:20:49,846 DEBUG    root            Chosen display Format:table[box,title="These components will be updated."](details.display_name:label=Name:align=left,version.version_string:label=Version:align=right,data.size.size(zero="",min=1048576):label=Size:align=right)
2023-12-04 14:20:49,847 DEBUG    root            Chosen display Format:table[box,title="These components will be installed."](details.display_name:label=Name:align=left,version.version_string:label=Version:align=right,data.size.size(zero="",min=1048576):label=Size:align=right)
2023-12-04 14:20:49,856 INFO     ___FILE_ONLY___ ┌─────────────────────────────────────────────────────────────────────────────┐
2023-12-04 14:20:49,856 INFO     ___FILE_ONLY___ 

2023-12-04 14:20:49,856 INFO     ___FILE_ONLY___ │                     These components will be installed.                     │
2023-12-04 14:20:49,856 INFO     ___FILE_ONLY___ 

2023-12-04 14:20:49,856 INFO     ___FILE_ONLY___ ├─────────────────────────────────────────────────────┬────────────┬──────────┤
2023-12-04 14:20:49,856 INFO     ___FILE_ONLY___ 

2023-12-04 14:20:49,856 INFO     ___FILE_ONLY___ │                         Name                        │  Version   │   Size   │
2023-12-04 14:20:49,856 INFO     ___FILE_ONLY___ 

2023-12-04 14:20:49,856 INFO     ___FILE_ONLY___ ├─────────────────────────────────────────────────────┼────────────┼──────────┤
2023-12-04 14:20:49,856 INFO     ___FILE_ONLY___ 

2023-12-04 14:20:49,857 INFO     ___FILE_ONLY___ │ 
2023-12-04 14:20:49,857 INFO     ___FILE_ONLY___ BigQuery Command Line Tool                         
2023-12-04 14:20:49,857 INFO     ___FILE_ONLY___  
2023-12-04 14:20:49,857 INFO     ___FILE_ONLY___ │ 
2023-12-04 14:20:49,857 INFO     ___FILE_ONLY___     2.0.98
2023-12-04 14:20:49,857 INFO     ___FILE_ONLY___  
2023-12-04 14:20:49,857 INFO     ___FILE_ONLY___ │ 
2023-12-04 14:20:49,857 INFO     ___FILE_ONLY___  1.6 MiB
2023-12-04 14:20:49,857 INFO     ___FILE_ONLY___  
2023-12-04 14:20:49,857 INFO     ___FILE_ONLY___ │
2023-12-04 14:20:49,857 INFO     ___FILE_ONLY___ 

2023-12-04 14:20:49,857 INFO     ___FILE_ONLY___ │ 
2023-12-04 14:20:49,857 INFO     ___FILE_ONLY___ BigQuery Command Line Tool (Platform Specific)     
2023-12-04 14:20:49,858 INFO     ___FILE_ONLY___  
2023-12-04 14:20:49,858 INFO     ___FILE_ONLY___ │ 
2023-12-04 14:20:49,858 INFO     ___FILE_ONLY___     2.0.98
2023-12-04 14:20:49,858 INFO     ___FILE_ONLY___  
2023-12-04 14:20:49,858 INFO     ___FILE_ONLY___ │ 
2023-12-04 14:20:49,858 INFO     ___FILE_ONLY___  < 1 MiB
2023-12-04 14:20:49,858 INFO     ___FILE_ONLY___  
2023-12-04 14:20:49,858 INFO     ___FILE_ONLY___ │
2023-12-04 14:20:49,858 INFO     ___FILE_ONLY___ 

2023-12-04 14:20:49,858 INFO     ___FILE_ONLY___ │ 
2023-12-04 14:20:49,858 INFO     ___FILE_ONLY___ Bundled Python 3.11                                
2023-12-04 14:20:49,858 INFO     ___FILE_ONLY___  
2023-12-04 14:20:49,858 INFO     ___FILE_ONLY___ │ 
2023-12-04 14:20:49,858 INFO     ___FILE_ONLY___     3.11.6
2023-12-04 14:20:49,859 INFO     ___FILE_ONLY___  
2023-12-04 14:20:49,859 INFO     ___FILE_ONLY___ │ 
2023-12-04 14:20:49,859 INFO     ___FILE_ONLY___ 73.7 MiB
2023-12-04 14:20:49,859 INFO     ___FILE_ONLY___  
2023-12-04 14:20:49,859 INFO     ___FILE_ONLY___ │
2023-12-04 14:20:49,859 INFO     ___FILE_ONLY___ 

2023-12-04 14:20:49,859 INFO     ___FILE_ONLY___ │ 
2023-12-04 14:20:49,859 INFO     ___FILE_ONLY___ Cloud Storage Command Line Tool                    
2023-12-04 14:20:49,859 INFO     ___FILE_ONLY___  
2023-12-04 14:20:49,859 INFO     ___FILE_ONLY___ │ 
2023-12-04 14:20:49,859 INFO     ___FILE_ONLY___       5.27
2023-12-04 14:20:49,859 INFO     ___FILE_ONLY___  
2023-12-04 14:20:49,859 INFO     ___FILE_ONLY___ │ 
2023-12-04 14:20:49,859 INFO     ___FILE_ONLY___ 11.3 MiB
2023-12-04 14:20:49,860 INFO     ___FILE_ONLY___  
2023-12-04 14:20:49,860 INFO     ___FILE_ONLY___ │
2023-12-04 14:20:49,860 INFO     ___FILE_ONLY___ 

2023-12-04 14:20:49,860 INFO     ___FILE_ONLY___ │ 
2023-12-04 14:20:49,860 INFO     ___FILE_ONLY___ Cloud Storage Command Line Tool (Platform Specific)
2023-12-04 14:20:49,860 INFO     ___FILE_ONLY___  
2023-12-04 14:20:49,860 INFO     ___FILE_ONLY___ │ 
2023-12-04 14:20:49,860 INFO     ___FILE_ONLY___       5.27
2023-12-04 14:20:49,860 INFO     ___FILE_ONLY___  
2023-12-04 14:20:49,860 INFO     ___FILE_ONLY___ │ 
2023-12-04 14:20:49,860 INFO     ___FILE_ONLY___  < 1 MiB
2023-12-04 14:20:49,860 INFO     ___FILE_ONLY___  
2023-12-04 14:20:49,860 INFO     ___FILE_ONLY___ │
2023-12-04 14:20:49,860 INFO     ___FILE_ONLY___ 

2023-12-04 14:20:49,861 INFO     ___FILE_ONLY___ │ 
2023-12-04 14:20:49,861 INFO     ___FILE_ONLY___ Google Cloud CLI Core Libraries (Platform Specific)
2023-12-04 14:20:49,861 INFO     ___FILE_ONLY___  
2023-12-04 14:20:49,861 INFO     ___FILE_ONLY___ │ 
2023-12-04 14:20:49,861 INFO     ___FILE_ONLY___ 2023.10.25
2023-12-04 14:20:49,861 INFO     ___FILE_ONLY___  
2023-12-04 14:20:49,861 INFO     ___FILE_ONLY___ │ 
2023-12-04 14:20:49,861 INFO     ___FILE_ONLY___  < 1 MiB
2023-12-04 14:20:49,861 INFO     ___FILE_ONLY___  
2023-12-04 14:20:49,861 INFO     ___FILE_ONLY___ │
2023-12-04 14:20:49,861 INFO     ___FILE_ONLY___ 

2023-12-04 14:20:49,861 INFO     ___FILE_ONLY___ │ 
2023-12-04 14:20:49,861 INFO     ___FILE_ONLY___ Google Cloud CRC32C Hash Tool                      
2023-12-04 14:20:49,861 INFO     ___FILE_ONLY___  
2023-12-04 14:20:49,862 INFO     ___FILE_ONLY___ │ 
2023-12-04 14:20:49,862 INFO     ___FILE_ONLY___      1.0.0
2023-12-04 14:20:49,862 INFO     ___FILE_ONLY___  
2023-12-04 14:20:49,862 INFO     ___FILE_ONLY___ │ 
2023-12-04 14:20:49,862 INFO     ___FILE_ONLY___  1.2 MiB
2023-12-04 14:20:49,862 INFO     ___FILE_ONLY___  
2023-12-04 14:20:49,862 INFO     ___FILE_ONLY___ │
2023-12-04 14:20:49,862 INFO     ___FILE_ONLY___ 

2023-12-04 14:20:49,862 INFO     ___FILE_ONLY___ │ 
2023-12-04 14:20:49,862 INFO     ___FILE_ONLY___ anthoscli                                          
2023-12-04 14:20:49,862 INFO     ___FILE_ONLY___  
2023-12-04 14:20:49,862 INFO     ___FILE_ONLY___ │ 
2023-12-04 14:20:49,862 INFO     ___FILE_ONLY___     0.2.44
2023-12-04 14:20:49,862 INFO     ___FILE_ONLY___  
2023-12-04 14:20:49,863 INFO     ___FILE_ONLY___ │ 
2023-12-04 14:20:49,863 INFO     ___FILE_ONLY___ 68.6 MiB
2023-12-04 14:20:49,863 INFO     ___FILE_ONLY___  
2023-12-04 14:20:49,863 INFO     ___FILE_ONLY___ │
2023-12-04 14:20:49,863 INFO     ___FILE_ONLY___ 

2023-12-04 14:20:49,863 INFO     ___FILE_ONLY___ │ 
2023-12-04 14:20:49,863 INFO     ___FILE_ONLY___ gcloud cli dependencies                            
2023-12-04 14:20:49,863 INFO     ___FILE_ONLY___  
2023-12-04 14:20:49,863 INFO     ___FILE_ONLY___ │ 
2023-12-04 14:20:49,863 INFO     ___FILE_ONLY___ 2021.04.16
2023-12-04 14:20:49,863 INFO     ___FILE_ONLY___  
2023-12-04 14:20:49,863 INFO     ___FILE_ONLY___ │ 
2023-12-04 14:20:49,863 INFO     ___FILE_ONLY___  < 1 MiB
2023-12-04 14:20:49,863 INFO     ___FILE_ONLY___  
2023-12-04 14:20:49,864 INFO     ___FILE_ONLY___ │
2023-12-04 14:20:49,864 INFO     ___FILE_ONLY___ 

2023-12-04 14:20:49,864 INFO     ___FILE_ONLY___ └─────────────────────────────────────────────────────┴────────────┴──────────┘
2023-12-04 14:20:49,864 INFO     ___FILE_ONLY___ 

2023-12-04 14:20:49,864 INFO     ___FILE_ONLY___ 

2023-12-04 14:20:49,868 DEBUG    urllib3.connectionpool Starting new HTTPS connection (1): dl.google.com:443
2023-12-04 14:20:50,028 DEBUG    urllib3.connectionpool https://dl.google.com:443 "GET /dl/cloudsdk/channels/rapid/RELEASE_NOTES HTTP/1.1" 200 1114072
2023-12-04 14:20:50,148 INFO     ___FILE_ONLY___ For the latest full release notes, please visit:
  https://cloud.google.com/sdk/release_notes


2023-12-04 14:20:50,150 INFO     ___FILE_ONLY___ ╔════════════════════════════════════════════════════════════╗

2023-12-04 14:20:50,150 INFO     ___FILE_ONLY___ ╠═ Creating update staging area                             ═╣

2023-12-04 14:20:50,150 INFO     ___FILE_ONLY___ ╚
2023-12-04 14:20:50,151 INFO     ___FILE_ONLY___ ══════
2023-12-04 14:20:50,151 INFO     ___FILE_ONLY___ ══════
2023-12-04 14:20:50,151 INFO     ___FILE_ONLY___ ══════
2023-12-04 14:20:50,499 INFO     ___FILE_ONLY___ ═
2023-12-04 14:20:50,557 INFO     ___FILE_ONLY___ ═
2023-12-04 14:20:50,611 INFO     ___FILE_ONLY___ ═
2023-12-04 14:20:50,682 INFO     ___FILE_ONLY___ ═
2023-12-04 14:20:50,748 INFO     ___FILE_ONLY___ ═
2023-12-04 14:20:50,813 INFO     ___FILE_ONLY___ ═
2023-12-04 14:20:50,887 INFO     ___FILE_ONLY___ ═
2023-12-04 14:20:50,964 INFO     ___FILE_ONLY___ ═
2023-12-04 14:20:51,028 INFO     ___FILE_ONLY___ ═
2023-12-04 14:20:51,093 INFO     ___FILE_ONLY___ ═
2023-12-04 14:20:51,144 INFO     ___FILE_ONLY___ ═
2023-12-04 14:20:51,207 INFO     ___FILE_ONLY___ ═
2023-12-04 14:20:51,266 INFO     ___FILE_ONLY___ ═
2023-12-04 14:20:51,331 INFO     ___FILE_ONLY___ ═
2023-12-04 14:20:51,389 INFO     ___FILE_ONLY___ ═
2023-12-04 14:20:51,561 INFO     ___FILE_ONLY___ ═
2023-12-04 14:20:51,633 INFO     ___FILE_ONLY___ ═
2023-12-04 14:20:51,689 INFO     ___FILE_ONLY___ ═
2023-12-04 14:20:51,807 INFO     ___FILE_ONLY___ ═
2023-12-04 14:20:51,836 INFO     ___FILE_ONLY___ ═
2023-12-04 14:20:51,870 INFO     ___FILE_ONLY___ ═
2023-12-04 14:20:51,916 INFO     ___FILE_ONLY___ ═
2023-12-04 14:20:51,949 INFO     ___FILE_ONLY___ ═
2023-12-04 14:20:51,980 INFO     ___FILE_ONLY___ ═
2023-12-04 14:20:52,047 INFO     ___FILE_ONLY___ ═
2023-12-04 14:20:52,128 INFO     ___FILE_ONLY___ ═
2023-12-04 14:20:52,268 INFO     ___FILE_ONLY___ ═
2023-12-04 14:20:52,396 INFO     ___FILE_ONLY___ ═
2023-12-04 14:20:52,447 INFO     ___FILE_ONLY___ ═
2023-12-04 14:20:52,498 INFO     ___FILE_ONLY___ ═
2023-12-04 14:20:52,566 INFO     ___FILE_ONLY___ ═
2023-12-04 14:20:52,617 INFO     ___FILE_ONLY___ ═
2023-12-04 14:20:52,667 INFO     ___FILE_ONLY___ ═
2023-12-04 14:20:52,719 INFO     ___FILE_ONLY___ ═
2023-12-04 14:20:52,782 INFO     ___FILE_ONLY___ ═
2023-12-04 14:20:52,838 INFO     ___FILE_ONLY___ ═
2023-12-04 14:20:52,892 INFO     ___FILE_ONLY___ ═
2023-12-04 14:20:52,976 INFO     ___FILE_ONLY___ ═
2023-12-04 14:20:53,036 INFO     ___FILE_ONLY___ ═
2023-12-04 14:20:53,093 INFO     ___FILE_ONLY___ ═
2023-12-04 14:20:53,143 INFO     ___FILE_ONLY___ ═
2023-12-04 14:20:53,191 INFO     ___FILE_ONLY___ ═
2023-12-04 14:20:53,191 INFO     ___FILE_ONLY___ ╝

2023-12-04 14:20:53,285 INFO     ___FILE_ONLY___ ╔════════════════════════════════════════════════════════════╗

2023-12-04 14:20:53,285 INFO     ___FILE_ONLY___ ╠═ Installing: BigQuery Command Line Tool                   ═╣

2023-12-04 14:20:53,285 INFO     ___FILE_ONLY___ ╚
2023-12-04 14:20:53,289 DEBUG    urllib3.connectionpool Starting new HTTPS connection (1): dl.google.com:443
2023-12-04 14:20:53,453 DEBUG    urllib3.connectionpool https://dl.google.com:443 "GET /dl/cloudsdk/channels/rapid/components/google-cloud-sdk-bq-20230913232318.tar.gz HTTP/1.1" 200 1659622
2023-12-04 14:20:53,518 INFO     ___FILE_ONLY___ ═
2023-12-04 14:20:53,518 INFO     ___FILE_ONLY___ ═
2023-12-04 14:20:53,519 INFO     ___FILE_ONLY___ ═
2023-12-04 14:20:53,519 INFO     ___FILE_ONLY___ ═
2023-12-04 14:20:53,519 INFO     ___FILE_ONLY___ ═
2023-12-04 14:20:53,519 INFO     ___FILE_ONLY___ ═
2023-12-04 14:20:53,519 INFO     ___FILE_ONLY___ ═
2023-12-04 14:20:53,519 INFO     ___FILE_ONLY___ ═
2023-12-04 14:20:53,520 INFO     ___FILE_ONLY___ ═
2023-12-04 14:20:53,520 INFO     ___FILE_ONLY___ ═
2023-12-04 14:20:53,520 INFO     ___FILE_ONLY___ ═
2023-12-04 14:20:53,520 INFO     ___FILE_ONLY___ ═
2023-12-04 14:20:53,520 INFO     ___FILE_ONLY___ ═
2023-12-04 14:20:53,520 INFO     ___FILE_ONLY___ ═
2023-12-04 14:20:53,520 INFO     ___FILE_ONLY___ ═
2023-12-04 14:20:53,521 INFO     ___FILE_ONLY___ ═
2023-12-04 14:20:53,521 INFO     ___FILE_ONLY___ ═
2023-12-04 14:20:53,521 INFO     ___FILE_ONLY___ ═
2023-12-04 14:20:53,521 INFO     ___FILE_ONLY___ ═
2023-12-04 14:20:53,521 INFO     ___FILE_ONLY___ ═
2023-12-04 14:20:53,521 INFO     ___FILE_ONLY___ ═
2023-12-04 14:20:53,522 INFO     ___FILE_ONLY___ ═
2023-12-04 14:20:53,522 INFO     ___FILE_ONLY___ ═
2023-12-04 14:20:53,522 INFO     ___FILE_ONLY___ ═
2023-12-04 14:20:53,522 INFO     ___FILE_ONLY___ ═
2023-12-04 14:20:53,522 INFO     ___FILE_ONLY___ ═
2023-12-04 14:20:53,522 INFO     ___FILE_ONLY___ ═
2023-12-04 14:20:53,522 INFO     ___FILE_ONLY___ ═
2023-12-04 14:20:53,523 INFO     ___FILE_ONLY___ ═
2023-12-04 14:20:53,523 INFO     ___FILE_ONLY___ ═
2023-12-04 14:20:53,654 INFO     ___FILE_ONLY___ ═
2023-12-04 14:20:53,659 INFO     ___FILE_ONLY___ ═
2023-12-04 14:20:53,663 INFO     ___FILE_ONLY___ ═
2023-12-04 14:20:53,667 INFO     ___FILE_ONLY___ ═
2023-12-04 14:20:53,671 INFO     ___FILE_ONLY___ ═
2023-12-04 14:20:53,675 INFO     ___FILE_ONLY___ ═
2023-12-04 14:20:53,681 INFO     ___FILE_ONLY___ ═
2023-12-04 14:20:53,685 INFO     ___FILE_ONLY___ ═
2023-12-04 14:20:53,690 INFO     ___FILE_ONLY___ ═
2023-12-04 14:20:53,693 INFO     ___FILE_ONLY___ ═
2023-12-04 14:20:53,698 INFO     ___FILE_ONLY___ ═
2023-12-04 14:20:53,701 INFO     ___FILE_ONLY___ ═
2023-12-04 14:20:53,708 INFO     ___FILE_ONLY___ ═
2023-12-04 14:20:53,712 INFO     ___FILE_ONLY___ ═
2023-12-04 14:20:53,715 INFO     ___FILE_ONLY___ ═
2023-12-04 14:20:53,720 INFO     ___FILE_ONLY___ ═
2023-12-04 14:20:53,724 INFO     ___FILE_ONLY___ ═
2023-12-04 14:20:53,729 INFO     ___FILE_ONLY___ ═
2023-12-04 14:20:53,735 INFO     ___FILE_ONLY___ ═
2023-12-04 14:20:53,739 INFO     ___FILE_ONLY___ ═
2023-12-04 14:20:53,744 INFO     ___FILE_ONLY___ ═
2023-12-04 14:20:53,751 INFO     ___FILE_ONLY___ ═
2023-12-04 14:20:53,758 INFO     ___FILE_ONLY___ ═
2023-12-04 14:20:53,762 INFO     ___FILE_ONLY___ ═
2023-12-04 14:20:53,765 INFO     ___FILE_ONLY___ ═
2023-12-04 14:20:53,770 INFO     ___FILE_ONLY___ ═
2023-12-04 14:20:53,774 INFO     ___FILE_ONLY___ ═
2023-12-04 14:20:53,778 INFO     ___FILE_ONLY___ ═
2023-12-04 14:20:53,782 INFO     ___FILE_ONLY___ ═
2023-12-04 14:20:53,786 INFO     ___FILE_ONLY___ ═
2023-12-04 14:20:53,786 INFO     ___FILE_ONLY___ ╝

2023-12-04 14:20:53,804 INFO     ___FILE_ONLY___ ╔════════════════════════════════════════════════════════════╗

2023-12-04 14:20:53,804 INFO     ___FILE_ONLY___ ╠═ Installing: BigQuery Command Line Tool (Platform Spec... ═╣

2023-12-04 14:20:53,804 INFO     ___FILE_ONLY___ ╚
2023-12-04 14:20:53,808 DEBUG    urllib3.connectionpool Starting new HTTPS connection (1): dl.google.com:443
2023-12-04 14:20:53,907 DEBUG    urllib3.connectionpool https://dl.google.com:443 "GET /dl/cloudsdk/channels/rapid/components/google-cloud-sdk-bq-nix-20231025210228.tar.gz HTTP/1.1" 200 2019
2023-12-04 14:20:53,908 INFO     ___FILE_ONLY___ ══════════════════════════════
2023-12-04 14:20:53,909 INFO     ___FILE_ONLY___ ══════════════════════════════
2023-12-04 14:20:53,909 INFO     ___FILE_ONLY___ ╝

2023-12-04 14:20:53,919 INFO     ___FILE_ONLY___ ╔════════════════════════════════════════════════════════════╗

2023-12-04 14:20:53,919 INFO     ___FILE_ONLY___ ╠═ Installing: Bundled Python 3.11                          ═╣

2023-12-04 14:20:53,919 INFO     ___FILE_ONLY___ ╚
2023-12-04 14:20:53,923 DEBUG    urllib3.connectionpool Starting new HTTPS connection (1): dl.google.com:443
2023-12-04 14:20:54,084 DEBUG    urllib3.connectionpool https://dl.google.com:443 "GET /dl/cloudsdk/channels/rapid/components/google-cloud-sdk-bundled-python3-unix-linux-x86_64-20231110155547.tar.gz HTTP/1.1" 200 77282043
2023-12-04 14:20:56,314 INFO     ___FILE_ONLY___ ═
2023-12-04 14:20:56,317 INFO     ___FILE_ONLY___ ═
2023-12-04 14:20:56,321 INFO     ___FILE_ONLY___ ═
2023-12-04 14:20:56,324 INFO     ___FILE_ONLY___ ═
2023-12-04 14:20:56,328 INFO     ___FILE_ONLY___ ═
2023-12-04 14:20:56,331 INFO     ___FILE_ONLY___ ═
2023-12-04 14:20:56,335 INFO     ___FILE_ONLY___ ═
2023-12-04 14:20:56,338 INFO     ___FILE_ONLY___ ═
2023-12-04 14:20:56,342 INFO     ___FILE_ONLY___ ═
2023-12-04 14:20:56,345 INFO     ___FILE_ONLY___ ═
2023-12-04 14:20:56,349 INFO     ___FILE_ONLY___ ═
2023-12-04 14:20:56,352 INFO     ___FILE_ONLY___ ═
2023-12-04 14:20:56,355 INFO     ___FILE_ONLY___ ═
2023-12-04 14:20:56,359 INFO     ___FILE_ONLY___ ═
2023-12-04 14:20:56,362 INFO     ___FILE_ONLY___ ═
2023-12-04 14:20:56,366 INFO     ___FILE_ONLY___ ═
2023-12-04 14:20:56,369 INFO     ___FILE_ONLY___ ═
2023-12-04 14:20:56,373 INFO     ___FILE_ONLY___ ═
2023-12-04 14:20:56,376 INFO     ___FILE_ONLY___ ═
2023-12-04 14:20:56,379 INFO     ___FILE_ONLY___ ═
2023-12-04 14:20:56,383 INFO     ___FILE_ONLY___ ═
2023-12-04 14:20:56,386 INFO     ___FILE_ONLY___ ═
2023-12-04 14:20:56,390 INFO     ___FILE_ONLY___ ═
2023-12-04 14:20:56,393 INFO     ___FILE_ONLY___ ═
2023-12-04 14:20:56,397 INFO     ___FILE_ONLY___ ═
2023-12-04 14:20:56,401 INFO     ___FILE_ONLY___ ═
2023-12-04 14:20:56,404 INFO     ___FILE_ONLY___ ═
2023-12-04 14:20:56,408 INFO     ___FILE_ONLY___ ═
2023-12-04 14:20:56,411 INFO     ___FILE_ONLY___ ═
2023-12-04 14:20:56,415 INFO     ___FILE_ONLY___ ═
2023-12-04 14:20:58,739 INFO     ___FILE_ONLY___ ═
2023-12-04 14:20:58,763 INFO     ___FILE_ONLY___ ═
2023-12-04 14:20:58,778 INFO     ___FILE_ONLY___ ═
2023-12-04 14:20:58,795 INFO     ___FILE_ONLY___ ═
2023-12-04 14:20:58,817 INFO     ___FILE_ONLY___ ═
2023-12-04 14:20:58,837 INFO     ___FILE_ONLY___ ═
2023-12-04 14:20:58,867 INFO     ___FILE_ONLY___ ═
2023-12-04 14:20:58,886 INFO     ___FILE_ONLY___ ═
2023-12-04 14:20:58,905 INFO     ___FILE_ONLY___ ═
2023-12-04 14:20:58,925 INFO     ___FILE_ONLY___ ═
2023-12-04 14:20:59,059 INFO     ___FILE_ONLY___ ═
2023-12-04 14:20:59,075 INFO     ___FILE_ONLY___ ═
2023-12-04 14:20:59,199 INFO     ___FILE_ONLY___ ═
2023-12-04 14:20:59,217 INFO     ___FILE_ONLY___ ═
2023-12-04 14:20:59,234 INFO     ___FILE_ONLY___ ═
2023-12-04 14:20:59,255 INFO     ___FILE_ONLY___ ═
2023-12-04 14:20:59,273 INFO     ___FILE_ONLY___ ═
2023-12-04 14:20:59,292 INFO     ___FILE_ONLY___ ═
2023-12-04 14:20:59,317 INFO     ___FILE_ONLY___ ═
2023-12-04 14:20:59,339 INFO     ___FILE_ONLY___ ═
2023-12-04 14:20:59,382 INFO     ___FILE_ONLY___ ═
2023-12-04 14:20:59,400 INFO     ___FILE_ONLY___ ═
2023-12-04 14:20:59,417 INFO     ___FILE_ONLY___ ═
2023-12-04 14:20:59,439 INFO     ___FILE_ONLY___ ═
2023-12-04 14:20:59,462 INFO     ___FILE_ONLY___ ═
2023-12-04 14:20:59,486 INFO     ___FILE_ONLY___ ═
2023-12-04 14:21:00,263 INFO     ___FILE_ONLY___ ═
2023-12-04 14:21:00,667 INFO     ___FILE_ONLY___ ═
2023-12-04 14:21:00,681 INFO     ___FILE_ONLY___ ═
2023-12-04 14:21:00,696 INFO     ___FILE_ONLY___ ═
2023-12-04 14:21:00,696 INFO     ___FILE_ONLY___ ╝

2023-12-04 14:21:00,766 INFO     ___FILE_ONLY___ ╔════════════════════════════════════════════════════════════╗

2023-12-04 14:21:00,766 INFO     ___FILE_ONLY___ ╠═ Installing: Bundled Python 3.11                          ═╣

2023-12-04 14:21:00,766 INFO     ___FILE_ONLY___ ╚
2023-12-04 14:21:00,772 INFO     ___FILE_ONLY___ ════════════════════════════════════════════════════════════
2023-12-04 14:21:00,772 INFO     ___FILE_ONLY___ ╝

2023-12-04 14:21:00,774 INFO     ___FILE_ONLY___ ╔════════════════════════════════════════════════════════════╗

2023-12-04 14:21:00,775 INFO     ___FILE_ONLY___ ╠═ Installing: Cloud Storage Command Line Tool              ═╣

2023-12-04 14:21:00,775 INFO     ___FILE_ONLY___ ╚
2023-12-04 14:21:00,779 DEBUG    urllib3.connectionpool Starting new HTTPS connection (1): dl.google.com:443
2023-12-04 14:21:00,884 DEBUG    urllib3.connectionpool https://dl.google.com:443 "GET /dl/cloudsdk/channels/rapid/components/google-cloud-sdk-gsutil-20231025210228.tar.gz HTTP/1.1" 200 11833901
2023-12-04 14:21:01,031 INFO     ___FILE_ONLY___ ═
2023-12-04 14:21:01,032 INFO     ___FILE_ONLY___ ═
2023-12-04 14:21:01,033 INFO     ___FILE_ONLY___ ═
2023-12-04 14:21:01,033 INFO     ___FILE_ONLY___ ═
2023-12-04 14:21:01,034 INFO     ___FILE_ONLY___ ═
2023-12-04 14:21:01,034 INFO     ___FILE_ONLY___ ═
2023-12-04 14:21:01,035 INFO     ___FILE_ONLY___ ═
2023-12-04 14:21:01,036 INFO     ___FILE_ONLY___ ═
2023-12-04 14:21:01,036 INFO     ___FILE_ONLY___ ═
2023-12-04 14:21:01,037 INFO     ___FILE_ONLY___ ═
2023-12-04 14:21:01,037 INFO     ___FILE_ONLY___ ═
2023-12-04 14:21:01,038 INFO     ___FILE_ONLY___ ═
2023-12-04 14:21:01,039 INFO     ___FILE_ONLY___ ═
2023-12-04 14:21:01,039 INFO     ___FILE_ONLY___ ═
2023-12-04 14:21:01,040 INFO     ___FILE_ONLY___ ═
2023-12-04 14:21:01,040 INFO     ___FILE_ONLY___ ═
2023-12-04 14:21:01,041 INFO     ___FILE_ONLY___ ═
2023-12-04 14:21:01,042 INFO     ___FILE_ONLY___ ═
2023-12-04 14:21:01,042 INFO     ___FILE_ONLY___ ═
2023-12-04 14:21:01,043 INFO     ___FILE_ONLY___ ═
2023-12-04 14:21:01,043 INFO     ___FILE_ONLY___ ═
2023-12-04 14:21:01,044 INFO     ___FILE_ONLY___ ═
2023-12-04 14:21:01,045 INFO     ___FILE_ONLY___ ═
2023-12-04 14:21:01,045 INFO     ___FILE_ONLY___ ═
2023-12-04 14:21:01,046 INFO     ___FILE_ONLY___ ═
2023-12-04 14:21:01,046 INFO     ___FILE_ONLY___ ═
2023-12-04 14:21:01,047 INFO     ___FILE_ONLY___ ═
2023-12-04 14:21:01,048 INFO     ___FILE_ONLY___ ═
2023-12-04 14:21:01,048 INFO     ___FILE_ONLY___ ═
2023-12-04 14:21:01,049 INFO     ___FILE_ONLY___ ═
2023-12-04 14:21:01,890 INFO     ___FILE_ONLY___ ═
2023-12-04 14:21:01,929 INFO     ___FILE_ONLY___ ═
2023-12-04 14:21:01,960 INFO     ___FILE_ONLY___ ═
2023-12-04 14:21:01,992 INFO     ___FILE_ONLY___ ═
2023-12-04 14:21:02,020 INFO     ___FILE_ONLY___ ═
2023-12-04 14:21:02,050 INFO     ___FILE_ONLY___ ═
2023-12-04 14:21:02,073 INFO     ___FILE_ONLY___ ═
2023-12-04 14:21:02,094 INFO     ___FILE_ONLY___ ═
2023-12-04 14:21:02,119 INFO     ___FILE_ONLY___ ═
2023-12-04 14:21:02,142 INFO     ___FILE_ONLY___ ═
2023-12-04 14:21:02,167 INFO     ___FILE_ONLY___ ═
2023-12-04 14:21:02,189 INFO     ___FILE_ONLY___ ═
2023-12-04 14:21:02,223 INFO     ___FILE_ONLY___ ═
2023-12-04 14:21:02,249 INFO     ___FILE_ONLY___ ═
2023-12-04 14:21:02,285 INFO     ___FILE_ONLY___ ═
2023-12-04 14:21:02,316 INFO     ___FILE_ONLY___ ═
2023-12-04 14:21:02,349 INFO     ___FILE_ONLY___ ═
2023-12-04 14:21:02,382 INFO     ___FILE_ONLY___ ═
2023-12-04 14:21:02,405 INFO     ___FILE_ONLY___ ═
2023-12-04 14:21:02,431 INFO     ___FILE_ONLY___ ═
2023-12-04 14:21:02,455 INFO     ___FILE_ONLY___ ═
2023-12-04 14:21:02,479 INFO     ___FILE_ONLY___ ═
2023-12-04 14:21:02,504 INFO     ___FILE_ONLY___ ═
2023-12-04 14:21:02,530 INFO     ___FILE_ONLY___ ═
2023-12-04 14:21:02,552 INFO     ___FILE_ONLY___ ═
2023-12-04 14:21:02,606 INFO     ___FILE_ONLY___ ═
2023-12-04 14:21:02,638 INFO     ___FILE_ONLY___ ═
2023-12-04 14:21:02,667 INFO     ___FILE_ONLY___ ═
2023-12-04 14:21:02,699 INFO     ___FILE_ONLY___ ═
2023-12-04 14:21:02,722 INFO     ___FILE_ONLY___ ═
2023-12-04 14:21:02,722 INFO     ___FILE_ONLY___ ╝

2023-12-04 14:21:02,803 INFO     ___FILE_ONLY___ ╔════════════════════════════════════════════════════════════╗

2023-12-04 14:21:02,803 INFO     ___FILE_ONLY___ ╠═ Installing: Cloud Storage Command Line Tool (Platform... ═╣

2023-12-04 14:21:02,803 INFO     ___FILE_ONLY___ ╚
2023-12-04 14:21:02,808 DEBUG    urllib3.connectionpool Starting new HTTPS connection (1): dl.google.com:443
2023-12-04 14:21:02,965 DEBUG    urllib3.connectionpool https://dl.google.com:443 "GET /dl/cloudsdk/channels/rapid/components/google-cloud-sdk-gsutil-nix-20231025210228.tar.gz HTTP/1.1" 200 2035
2023-12-04 14:21:02,966 INFO     ___FILE_ONLY___ ══════════════════════════════
2023-12-04 14:21:02,968 INFO     ___FILE_ONLY___ ══════════════════════════════
2023-12-04 14:21:02,968 INFO     ___FILE_ONLY___ ╝

2023-12-04 14:21:02,978 INFO     ___FILE_ONLY___ ╔════════════════════════════════════════════════════════════╗

2023-12-04 14:21:02,979 INFO     ___FILE_ONLY___ ╠═ Installing: Default set of gcloud commands               ═╣

2023-12-04 14:21:02,979 INFO     ___FILE_ONLY___ ╚
2023-12-04 14:21:02,984 INFO     ___FILE_ONLY___ ════════════════════════════════════════════════════════════
2023-12-04 14:21:02,985 INFO     ___FILE_ONLY___ ╝

2023-12-04 14:21:02,987 INFO     ___FILE_ONLY___ ╔════════════════════════════════════════════════════════════╗

2023-12-04 14:21:02,987 INFO     ___FILE_ONLY___ ╠═ Installing: Google Cloud CLI Core Libraries (Platform... ═╣

2023-12-04 14:21:02,987 INFO     ___FILE_ONLY___ ╚
2023-12-04 14:21:02,992 DEBUG    urllib3.connectionpool Starting new HTTPS connection (1): dl.google.com:443
2023-12-04 14:21:03,150 DEBUG    urllib3.connectionpool https://dl.google.com:443 "GET /dl/cloudsdk/channels/rapid/components/google-cloud-sdk-core-nix-20231025210228.tar.gz HTTP/1.1" 200 2402
2023-12-04 14:21:03,151 INFO     ___FILE_ONLY___ ══════════════════════════════
2023-12-04 14:21:03,153 INFO     ___FILE_ONLY___ ═══════════════
2023-12-04 14:21:03,153 INFO     ___FILE_ONLY___ ═══════════════
2023-12-04 14:21:03,153 INFO     ___FILE_ONLY___ ╝

2023-12-04 14:21:03,163 INFO     ___FILE_ONLY___ ╔════════════════════════════════════════════════════════════╗

2023-12-04 14:21:03,163 INFO     ___FILE_ONLY___ ╠═ Installing: Google Cloud CRC32C Hash Tool                ═╣

2023-12-04 14:21:03,164 INFO     ___FILE_ONLY___ ╚
2023-12-04 14:21:03,169 INFO     ___FILE_ONLY___ ════════════════════════════════════════════════════════════
2023-12-04 14:21:03,170 INFO     ___FILE_ONLY___ ╝

2023-12-04 14:21:03,172 INFO     ___FILE_ONLY___ ╔════════════════════════════════════════════════════════════╗

2023-12-04 14:21:03,172 INFO     ___FILE_ONLY___ ╠═ Installing: Google Cloud CRC32C Hash Tool                ═╣

2023-12-04 14:21:03,172 INFO     ___FILE_ONLY___ ╚
2023-12-04 14:21:03,177 DEBUG    urllib3.connectionpool Starting new HTTPS connection (1): dl.google.com:443
2023-12-04 14:21:03,372 DEBUG    urllib3.connectionpool https://dl.google.com:443 "GET /dl/cloudsdk/channels/rapid/components/google-cloud-sdk-gcloud-crc32c-linux-x86_64-20231023224440.tar.gz HTTP/1.1" 200 1289207
2023-12-04 14:21:03,453 INFO     ___FILE_ONLY___ ═
2023-12-04 14:21:03,454 INFO     ___FILE_ONLY___ ═
2023-12-04 14:21:03,454 INFO     ___FILE_ONLY___ ═
2023-12-04 14:21:03,454 INFO     ___FILE_ONLY___ ═
2023-12-04 14:21:03,454 INFO     ___FILE_ONLY___ ═
2023-12-04 14:21:03,454 INFO     ___FILE_ONLY___ ═
2023-12-04 14:21:03,455 INFO     ___FILE_ONLY___ ═
2023-12-04 14:21:03,455 INFO     ___FILE_ONLY___ ═
2023-12-04 14:21:03,455 INFO     ___FILE_ONLY___ ═
2023-12-04 14:21:03,455 INFO     ___FILE_ONLY___ ═
2023-12-04 14:21:03,455 INFO     ___FILE_ONLY___ ═
2023-12-04 14:21:03,455 INFO     ___FILE_ONLY___ ═
2023-12-04 14:21:03,455 INFO     ___FILE_ONLY___ ═
2023-12-04 14:21:03,456 INFO     ___FILE_ONLY___ ═
2023-12-04 14:21:03,456 INFO     ___FILE_ONLY___ ═
2023-12-04 14:21:03,456 INFO     ___FILE_ONLY___ ═
2023-12-04 14:21:03,456 INFO     ___FILE_ONLY___ ═
2023-12-04 14:21:03,456 INFO     ___FILE_ONLY___ ═
2023-12-04 14:21:03,456 INFO     ___FILE_ONLY___ ═
2023-12-04 14:21:03,456 INFO     ___FILE_ONLY___ ═
2023-12-04 14:21:03,457 INFO     ___FILE_ONLY___ ═
2023-12-04 14:21:03,457 INFO     ___FILE_ONLY___ ═
2023-12-04 14:21:03,457 INFO     ___FILE_ONLY___ ═
2023-12-04 14:21:03,457 INFO     ___FILE_ONLY___ ═
2023-12-04 14:21:03,457 INFO     ___FILE_ONLY___ ═
2023-12-04 14:21:03,457 INFO     ___FILE_ONLY___ ═
2023-12-04 14:21:03,457 INFO     ___FILE_ONLY___ ═
2023-12-04 14:21:03,457 INFO     ___FILE_ONLY___ ═
2023-12-04 14:21:03,458 INFO     ___FILE_ONLY___ ═
2023-12-04 14:21:03,458 INFO     ___FILE_ONLY___ ═
2023-12-04 14:21:03,493 INFO     ___FILE_ONLY___ ═══════════════
2023-12-04 14:21:03,494 INFO     ___FILE_ONLY___ ═══════════════
2023-12-04 14:21:03,494 INFO     ___FILE_ONLY___ ╝

2023-12-04 14:21:03,504 INFO     ___FILE_ONLY___ ╔════════════════════════════════════════════════════════════╗

2023-12-04 14:21:03,504 INFO     ___FILE_ONLY___ ╠═ Installing: anthoscli                                    ═╣

2023-12-04 14:21:03,504 INFO     ___FILE_ONLY___ ╚
2023-12-04 14:21:03,509 DEBUG    urllib3.connectionpool Starting new HTTPS connection (1): dl.google.com:443
2023-12-04 14:21:03,721 DEBUG    urllib3.connectionpool https://dl.google.com:443 "GET /dl/cloudsdk/channels/rapid/components/google-cloud-sdk-anthoscli-linux-x86_64-20231103141548.tar.gz HTTP/1.1" 200 71983894
2023-12-04 14:21:06,131 INFO     ___FILE_ONLY___ ═
2023-12-04 14:21:06,135 INFO     ___FILE_ONLY___ ═
2023-12-04 14:21:06,138 INFO     ___FILE_ONLY___ ═
2023-12-04 14:21:06,141 INFO     ___FILE_ONLY___ ═
2023-12-04 14:21:06,144 INFO     ___FILE_ONLY___ ═
2023-12-04 14:21:06,148 INFO     ___FILE_ONLY___ ═
2023-12-04 14:21:06,151 INFO     ___FILE_ONLY___ ═
2023-12-04 14:21:06,154 INFO     ___FILE_ONLY___ ═
2023-12-04 14:21:06,157 INFO     ___FILE_ONLY___ ═
2023-12-04 14:21:06,160 INFO     ___FILE_ONLY___ ═
2023-12-04 14:21:06,164 INFO     ___FILE_ONLY___ ═
2023-12-04 14:21:06,167 INFO     ___FILE_ONLY___ ═
2023-12-04 14:21:06,170 INFO     ___FILE_ONLY___ ═
2023-12-04 14:21:06,173 INFO     ___FILE_ONLY___ ═
2023-12-04 14:21:06,176 INFO     ___FILE_ONLY___ ═
2023-12-04 14:21:06,179 INFO     ___FILE_ONLY___ ═
2023-12-04 14:21:06,183 INFO     ___FILE_ONLY___ ═
2023-12-04 14:21:06,186 INFO     ___FILE_ONLY___ ═
2023-12-04 14:21:06,189 INFO     ___FILE_ONLY___ ═
2023-12-04 14:21:06,192 INFO     ___FILE_ONLY___ ═
2023-12-04 14:21:06,195 INFO     ___FILE_ONLY___ ═
2023-12-04 14:21:06,198 INFO     ___FILE_ONLY___ ═
2023-12-04 14:21:06,202 INFO     ___FILE_ONLY___ ═
2023-12-04 14:21:06,205 INFO     ___FILE_ONLY___ ═
2023-12-04 14:21:06,208 INFO     ___FILE_ONLY___ ═
2023-12-04 14:21:06,211 INFO     ___FILE_ONLY___ ═
2023-12-04 14:21:06,215 INFO     ___FILE_ONLY___ ═
2023-12-04 14:21:06,218 INFO     ___FILE_ONLY___ ═
2023-12-04 14:21:06,221 INFO     ___FILE_ONLY___ ═
2023-12-04 14:21:06,224 INFO     ___FILE_ONLY___ ═
2023-12-04 14:21:08,563 INFO     ___FILE_ONLY___ ══════════
2023-12-04 14:21:08,568 INFO     ___FILE_ONLY___ ═════════
2023-12-04 14:21:08,596 INFO     ___FILE_ONLY___ ═══════════
2023-12-04 14:21:08,596 INFO     ___FILE_ONLY___ ╝

2023-12-04 14:21:08,620 INFO     ___FILE_ONLY___ ╔════════════════════════════════════════════════════════════╗

2023-12-04 14:21:08,621 INFO     ___FILE_ONLY___ ╠═ Installing: anthoscli                                    ═╣

2023-12-04 14:21:08,621 INFO     ___FILE_ONLY___ ╚
2023-12-04 14:21:08,626 INFO     ___FILE_ONLY___ ════════════════════════════════════════════════════════════
2023-12-04 14:21:08,626 INFO     ___FILE_ONLY___ ╝

2023-12-04 14:21:08,628 INFO     ___FILE_ONLY___ ╔════════════════════════════════════════════════════════════╗

2023-12-04 14:21:08,629 INFO     ___FILE_ONLY___ ╠═ Installing: gcloud cli dependencies                      ═╣

2023-12-04 14:21:08,629 INFO     ___FILE_ONLY___ ╚
2023-12-04 14:21:08,633 DEBUG    urllib3.connectionpool Starting new HTTPS connection (1): dl.google.com:443
2023-12-04 14:21:08,790 DEBUG    urllib3.connectionpool https://dl.google.com:443 "GET /dl/cloudsdk/channels/rapid/components/google-cloud-sdk-gcloud-deps-linux-x86_64-20210416153011.tar.gz HTTP/1.1" 200 104
2023-12-04 14:21:08,791 INFO     ___FILE_ONLY___ ══════════════════════════════
2023-12-04 14:21:08,792 INFO     ___FILE_ONLY___ ══════════════════════════════
2023-12-04 14:21:08,792 INFO     ___FILE_ONLY___ ╝

2023-12-04 14:21:08,802 INFO     ___FILE_ONLY___ ╔════════════════════════════════════════════════════════════╗

2023-12-04 14:21:08,803 INFO     ___FILE_ONLY___ ╠═ Creating backup and activating new installation          ═╣

2023-12-04 14:21:08,803 INFO     ___FILE_ONLY___ ╚
2023-12-04 14:21:08,803 DEBUG    root            Attempting to move directory [/tools/google-cloud-sdk] to [/tools/google-cloud-sdk.staging/.install/.backup]
2023-12-04 14:21:08,803 INFO     ___FILE_ONLY___ ══════════════════════════════
2023-12-04 14:21:08,803 DEBUG    root            Attempting to move directory [/tools/google-cloud-sdk.staging] to [/tools/google-cloud-sdk]
2023-12-04 14:21:08,803 INFO     ___FILE_ONLY___ ══════════════════════════════
2023-12-04 14:21:08,803 INFO     ___FILE_ONLY___ ╝

2023-12-04 14:21:08,808 DEBUG    root            Updating notification cache...
2023-12-04 14:21:08,808 INFO     ___FILE_ONLY___ 

2023-12-04 14:21:08,810 INFO     ___FILE_ONLY___ Performing post processing steps...
2023-12-04 14:21:08,811 DEBUG    root            Executing command: ['python3', '-S', '/tools/google-cloud-sdk/lib/gcloud.py', 'components', 'post-process']
2023-12-04 14:23:58,738 DEBUG    ___FILE_ONLY___ 
2023-12-04 14:23:58,738 DEBUG    ___FILE_ONLY___ 
2023-12-04 14:23:58,831 INFO     ___FILE_ONLY___ 
Update done!


2023-12-04 14:23:58,835 DEBUG    root            Chosen display Format:none
2023-12-04 14:23:58,836 INFO     root            Display format: "none"
